<?xml version="1.0" encoding="UTF-8"?>
<testsuite name="rin.rinspring.service.MemberServiceIntegrationTest" tests="1" skipped="0" failures="0" errors="0" timestamp="2023-08-29T08:25:07" hostname="NINI" time="0.917">
  <properties/>
  <testcase name="회원가입()" classname="rin.rinspring.service.MemberServiceIntegrationTest" time="0.917"/>
  <system-out><![CDATA[17:25:04.052 [Test worker] INFO org.springframework.test.context.support.AnnotationConfigContextLoaderUtils -- Could not detect default configuration classes for test class [rin.rinspring.service.MemberServiceIntegrationTest]: MemberServiceIntegrationTest does not declare any static, non-private, non-final, nested classes annotated with @Configuration.
17:25:04.152 [Test worker] INFO org.springframework.boot.test.context.SpringBootTestContextBootstrapper -- Found @SpringBootConfiguration rin.rinspring.RinSpringApplication for test class rin.rinspring.service.MemberServiceIntegrationTest

  .   ____          _            __ _ _
 /\\ / ___'_ __ _ _(_)_ __  __ _ \ \ \ \
( ( )\___ | '_ | '_| | '_ \/ _` | \ \ \ \
 \\/  ___)| |_)| | | | | || (_| |  ) ) ) )
  '  |____| .__|_| |_|_| |_\__, | / / / /
 =========|_|==============|___/=/_/_/_/
 :: Spring Boot ::                (v3.1.3)

2023-08-29T17:25:04.498+09:00  INFO 15488 --- [    Test worker] r.r.s.MemberServiceIntegrationTest       : Starting MemberServiceIntegrationTest using Java 17.0.8 with PID 15488 (started by lynee in C:\Users\lynee\spring\rin-spring)
2023-08-29T17:25:04.499+09:00  INFO 15488 --- [    Test worker] r.r.s.MemberServiceIntegrationTest       : No active profile set, falling back to 1 default profile: "default"
2023-08-29T17:25:05.135+09:00  INFO 15488 --- [    Test worker] .s.d.r.c.RepositoryConfigurationDelegate : Bootstrapping Spring Data JPA repositories in DEFAULT mode.
2023-08-29T17:25:05.155+09:00  INFO 15488 --- [    Test worker] .s.d.r.c.RepositoryConfigurationDelegate : Finished Spring Data repository scanning in 12 ms. Found 0 JPA repository interfaces.
2023-08-29T17:25:05.563+09:00  INFO 15488 --- [    Test worker] o.hibernate.jpa.internal.util.LogHelper  : HHH000204: Processing PersistenceUnitInfo [name: default]
2023-08-29T17:25:05.626+09:00  INFO 15488 --- [    Test worker] org.hibernate.Version                    : HHH000412: Hibernate ORM core version 6.2.7.Final
2023-08-29T17:25:05.628+09:00  INFO 15488 --- [    Test worker] org.hibernate.cfg.Environment            : HHH000406: Using bytecode reflection optimizer
2023-08-29T17:25:05.748+09:00  INFO 15488 --- [    Test worker] o.h.b.i.BytecodeProviderInitiator        : HHH000021: Bytecode provider name : bytebuddy
2023-08-29T17:25:05.904+09:00  INFO 15488 --- [    Test worker] o.s.o.j.p.SpringPersistenceUnitInfo      : No LoadTimeWeaver setup: ignoring JPA class transformer
2023-08-29T17:25:05.924+09:00  INFO 15488 --- [    Test worker] com.zaxxer.hikari.HikariDataSource       : HikariPool-1 - Starting...
2023-08-29T17:25:06.002+09:00  INFO 15488 --- [    Test worker] com.zaxxer.hikari.pool.HikariPool        : HikariPool-1 - Added connection conn0: url=jdbc:h2:tcp://localhost/~/test user=SA
2023-08-29T17:25:06.004+09:00  INFO 15488 --- [    Test worker] com.zaxxer.hikari.HikariDataSource       : HikariPool-1 - Start completed.
2023-08-29T17:25:06.241+09:00  INFO 15488 --- [    Test worker] o.h.b.i.BytecodeProviderInitiator        : HHH000021: Bytecode provider name : bytebuddy
2023-08-29T17:25:06.808+09:00  INFO 15488 --- [    Test worker] o.h.e.t.j.p.i.JtaPlatformInitiator       : HHH000490: Using JtaPlatform implementation: [org.hibernate.engine.transaction.jta.platform.internal.NoJtaPlatform]
2023-08-29T17:25:06.812+09:00  INFO 15488 --- [    Test worker] j.LocalContainerEntityManagerFactoryBean : Initialized JPA EntityManagerFactory for persistence unit 'default'
2023-08-29T17:25:07.046+09:00  WARN 15488 --- [    Test worker] JpaBaseConfiguration$JpaWebConfiguration : spring.jpa.open-in-view is enabled by default. Therefore, database queries may be performed during view rendering. Explicitly configure spring.jpa.open-in-view to disable this warning
2023-08-29T17:25:07.362+09:00  INFO 15488 --- [    Test worker] o.s.b.a.w.s.WelcomePageHandlerMapping    : Adding welcome page: class path resource [static/index.html]
2023-08-29T17:25:07.635+09:00  INFO 15488 --- [    Test worker] r.r.s.MemberServiceIntegrationTest       : Started MemberServiceIntegrationTest in 3.344 seconds (process running for 4.465)
Hibernate: select m1_0.id,m1_0.name from member m1_0 where m1_0.name=?
Hibernate: insert into member (name,id) values (?,default)
]]></system-out>
  <system-err><![CDATA[]]></system-err>
</testsuite>
