<?xml version="1.0" encoding="UTF-8"?>
<testsuite name="rin.rinspring.service.MemberServiceTest" tests="1" skipped="0" failures="0" errors="0" timestamp="2023-08-28T08:59:30" hostname="NINI" time="0.054">
  <properties/>
  <testcase name="중복_회원_예외()" classname="rin.rinspring.service.MemberServiceTest" time="0.054"/>
  <system-out><![CDATA[]]></system-out>
  <system-err><![CDATA[]]></system-err>
</testsuite>
